2023-25-08 00:56:05  INFO [LoginAndHeaderTests.LoginTest] : Browser was opened
2023-25-08 00:56:06  INFO [LoginAndHeaderTests.LoginTest] : Browser was closed
2023-25-08 01:02:23  INFO [LoginAndHeaderTests.LoginTest] : Browser was opened
2023-25-08 01:02:26  INFO [LoginAndHeaderTests.LoginTest] : Browser was closed
2023-25-08 23:11:09  INFO [LoginAndHeaderTests.LoginTest] : Browser was opened
2023-25-08 23:11:13  INFO [LoginAndHeaderTests.LoginTest] : Browser was closed
2023-25-08 23:25:27  INFO [LoginAndHeaderTests.LoginTest] : Browser was opened
2023-25-08 23:25:31  INFO [LoginAndHeaderTests.LoginTest] : Browser was closed
2023-25-08 23:26:42  INFO [LoginAndHeaderTests.LoginTest] : Browser was opened
2023-25-08 23:26:45  INFO [LoginAndHeaderTests.LoginTest] : Browser was closed
2023-25-08 23:30:21  INFO [LoginAndHeaderTests.LoginTest] : Browser was opened
2023-25-08 23:30:25  INFO [LoginAndHeaderTests.LoginTest] : Browser was closed
2023-25-08 23:35:35  INFO [LoginAndHeaderTests.LoginTest] : Browser was opened
2023-25-08 23:35:38  INFO [LoginAndHeaderTests.LoginTest] : Browser was closed
2023-25-08 23:37:11  INFO [LoginAndHeaderTests.LoginTest] : Browser was opened
2023-25-08 23:37:16  INFO [LoginAndHeaderTests.LoginTest] : Browser was closed
2023-25-08 23:38:35  INFO [LoginAndHeaderTests.LoginTest] : Browser was opened
2023-25-08 23:38:38  INFO [LoginAndHeaderTests.LoginTest] : Browser was closed
2023-25-08 23:43:28  INFO [LoginAndHeaderTests.LoginTest] : Browser was opened
2023-25-08 23:43:31  INFO [LoginAndHeaderTests.LoginTest] : Browser was closed
2023-25-08 23:44:54  INFO [LoginAndHeaderTests.LoginTest] : Browser was opened
2023-25-08 23:44:58  INFO [LoginAndHeaderTests.LoginTest] : Browser was closed
2023-25-08 23:45:10  INFO [LoginAndHeaderTests.LoginTest] : Browser was opened
2023-25-08 23:45:14  INFO [LoginAndHeaderTests.LoginTest] : Browser was closed
2023-25-08 23:45:22  INFO [LoginAndHeaderTests.LoginTest] : Browser was opened
2023-25-08 23:45:35  INFO [LoginAndHeaderTests.LoginTest] : Browser was closed
2023-25-08 23:49:32  INFO [LoginAndHeaderTests.LoginTest] : Browser was opened
2023-25-08 23:49:46  INFO [LoginAndHeaderTests.LoginTest] : Browser was closed
2023-25-08 23:51:23  INFO [LoginAndHeaderTests.LoginTest] : Browser was opened
2023-25-08 23:51:37  INFO [LoginAndHeaderTests.LoginTest] : Browser was closed
2023-26-08 00:01:44  INFO [LoginAndHeaderTests.LoginTest] : Browser was opened
2023-26-08 00:01:57  INFO [LoginAndHeaderTests.LoginTest] : Browser was closed
2023-26-08 00:07:14  INFO [LoginAndHeaderTests.LoginTest] : Browser was opened
2023-26-08 00:07:28  INFO [LoginAndHeaderTests.LoginTest] : Browser was closed
2023-26-08 00:07:54  INFO [LoginAndHeaderTests.LoginTest] : Browser was opened
2023-26-08 00:08:15  INFO [LoginAndHeaderTests.LoginTest] : Browser was closed
2023-26-08 00:11:00  INFO [LoginAndHeaderTests.LoginTest] : Browser was opened
2023-26-08 00:11:14  INFO [LoginAndHeaderTests.LoginTest] : Browser was closed
2023-26-08 00:18:32  INFO [LoginAndHeaderTests.LoginTest] : Browser was opened
2023-26-08 00:18:46  INFO [LoginAndHeaderTests.LoginTest] : Browser was closed
2023-26-08 00:36:35  INFO [LoginAndHeaderTests.LoginTest] : Browser was opened
2023-26-08 00:36:40  INFO [LoginAndHeaderTests.LoginTest] : Browser was closed
2023-26-08 00:37:07  INFO [LoginAndHeaderTests.LoginTest] : Browser was opened
2023-26-08 00:37:20  INFO [LoginAndHeaderTests.LoginTest] : Browser was closed
2023-26-08 00:46:42  INFO [LoginAndHeaderTests.LoginTest] : Browser was opened
2023-26-08 00:46:54  INFO [LoginAndHeaderTests.LoginTest] : Browser was closed
2023-26-08 00:46:59  INFO [LoginAndHeaderTests.LoginTest] : Browser was opened
2023-26-08 00:47:09  INFO [LoginAndHeaderTests.LoginTest] : Browser was closed
2023-26-08 01:15:46  INFO [RegisterTests.RegisterTest] : Browser was opened
2023-26-08 01:16:08  INFO [RegisterTests.RegisterTest] : Browser was closed
2023-26-08 01:22:25  INFO [RegisterTests.RegisterTest] : Browser was opened
2023-26-08 01:22:50  INFO [RegisterTests.RegisterTest] : Browser was closed
2023-27-08 13:15:01  INFO [RegisterTests.RegisterTest] : Browser was opened
2023-27-08 13:15:17  INFO [RegisterTests.RegisterTest] : Browser was closed
2023-27-08 13:15:22  INFO [RegisterTests.RegisterTest] : Browser was opened
2023-27-08 13:15:35  INFO [RegisterTests.RegisterTest] : Browser was opened
2023-27-08 13:15:51  INFO [RegisterTests.RegisterTest] : Browser was closed
2023-27-08 13:16:55  INFO [RegisterTests.RegisterTest] : Browser was opened
2023-27-08 13:17:07  INFO [RegisterTests.RegisterTest] : Browser was opened
2023-27-08 13:17:39  INFO [RegisterTests.RegisterTest] : Browser was closed
2023-27-08 13:19:25  INFO [RegisterTests.RegisterTest] : Browser was opened
2023-27-08 13:19:46  INFO [RegisterTests.RegisterTest] : Browser was closed
2023-27-08 13:19:54  INFO [RegisterTests.RegisterTest] : Browser was opened
2023-27-08 13:20:10  INFO [RegisterTests.RegisterTest] : Browser was closed
2023-27-08 15:33:25  INFO [RegisterTests.RegisterTest] : Browser was opened
2023-27-08 15:35:44  INFO [LoginAndHeaderTests.LoginTest] : Browser was opened
2023-27-08 15:35:54  INFO [pages.LoginPage] : Button 'AGREE Cookies' is not present, proceeding further.
2023-27-08 15:36:03  INFO [LoginAndHeaderTests.LoginTest] : Browser was closed
2023-27-08 15:36:12  INFO [LoginAndHeaderTests.LoginTest] : Browser was opened
2023-27-08 15:36:22  INFO [pages.LoginPage] : Button 'AGREE Cookies' is not present, proceeding further.
2023-27-08 15:36:29  INFO [LoginAndHeaderTests.LoginTest] : Browser was closed
2023-27-08 15:37:06  INFO [RegisterTests.RegisterTest] : Browser was opened
2023-27-08 15:37:18  INFO [pages.LoginPage] : Button 'AGREE Cookies' is not present, proceeding further.
2023-27-08 15:37:33  INFO [RegisterTests.RegisterTest] : Browser was closed
2023-27-08 15:47:40  INFO [RegisterTests.RegisterTest] : Browser was opened
2023-27-08 15:47:50  INFO [pages.LoginPage] : Button 'AGREE Cookies' is not present, proceeding further.
2023-27-08 15:47:53  INFO [pages.RegisterPage] : Checkbox is checked.
2023-27-08 15:47:53  INFO [RegisterTests.RegisterTest] : Browser was closed
2023-27-08 16:09:14  INFO [RegisterTests.RegisterTest] : Browser was opened
2023-27-08 16:09:42  INFO [pages.LoginPage] : Button 'AGREE Cookies' is not present, proceeding further.
2023-27-08 16:09:45  INFO [pages.RegisterPage] : Checkbox is checked.
2023-27-08 16:10:01  INFO [RegisterTests.RegisterTest] : Browser was closed
2023-27-08 16:13:18  INFO [RegisterTests.RegisterTest] : Browser was opened
2023-27-08 16:13:35  INFO [pages.LoginPage] : Button 'AGREE Cookies' is not present, proceeding further.
2023-27-08 16:13:38  INFO [pages.RegisterPage] : Checkbox is checked.
2023-27-08 16:13:53  INFO [RegisterTests.RegisterTest] : Browser was closed
2023-27-08 16:14:00  INFO [RegisterTests.RegisterTest] : Browser was opened
2023-27-08 16:14:13  INFO [pages.LoginPage] : Button 'AGREE Cookies' is not present, proceeding further.
2023-27-08 16:14:16  INFO [pages.RegisterPage] : Checkbox is checked.
2023-27-08 16:14:31  INFO [RegisterTests.RegisterTest] : Browser was closed
2023-27-08 16:27:52  INFO [RegisterTests.RegisterTest] : Browser was opened
2023-27-08 16:28:02  INFO [pages.LoginPage] : Button 'AGREE Cookies' is not present, proceeding further.
2023-27-08 16:28:05  INFO [pages.RegisterPage] : Checkbox is checked.
2023-27-08 16:28:19  INFO [RegisterTests.RegisterTest] : Browser was closed
2023-27-08 20:05:11  INFO [HeaderTests.ActionMenuTest] : Browser was opened
2023-27-08 20:05:40  INFO [pages.LoginPage] : Button 'AGREE Cookies' is not present, proceeding further.
2023-27-08 20:05:48  INFO [HeaderTests.ActionMenuTest] : Browser was closed
2023-27-08 20:06:52  INFO [HeaderTests.ActionMenuTest] : Browser was opened
2023-27-08 20:07:09  INFO [pages.LoginPage] : Button 'AGREE Cookies' is not present, proceeding further.
2023-27-08 20:07:14  INFO [HeaderTests.ActionMenuTest] : Browser was closed
2023-27-08 20:11:03  INFO [HeaderTests.ActionMenuTest] : Browser was opened
2023-27-08 20:11:29  INFO [pages.LoginPage] : Button 'AGREE Cookies' is not present, proceeding further.
2023-27-08 20:13:26  INFO [HeaderTests.ActionMenuTest] : Browser was closed
2023-27-08 20:13:35  INFO [HeaderTests.ActionMenuTest] : Browser was opened
2023-27-08 20:13:46  INFO [pages.LoginPage] : Button 'AGREE Cookies' is not present, proceeding further.
2023-27-08 20:14:04  INFO [HeaderTests.ActionMenuTest] : Browser was closed
2023-27-08 20:15:23  INFO [HeaderTests.ActionMenuTest] : Browser was opened
2023-27-08 20:15:33  INFO [pages.LoginPage] : Button 'AGREE Cookies' is not present, proceeding further.
2023-27-08 20:16:07  INFO [HeaderTests.ActionMenuTest] : Browser was closed
2023-27-08 20:16:27  INFO [HeaderTests.ActionMenuTest] : Browser was opened
2023-27-08 20:16:34  INFO [pages.LoginPage] : Button 'AGREE Cookies' is not present, proceeding further.
2023-27-08 20:17:04  INFO [HeaderTests.ActionMenuTest] : Browser was closed
2023-27-08 20:17:30  INFO [HeaderTests.ActionMenuTest] : Browser was opened
2023-27-08 20:18:14  INFO [HeaderTests.ActionMenuTest] : Browser was closed
2023-27-08 20:23:48  INFO [HeaderTests.ActionMenuTest] : Browser was opened
2023-27-08 20:23:58  INFO [HeaderTests.ActionMenuTest] : Browser was closed
2023-27-08 20:59:11  INFO [LoginAndHeaderTests.ManageOfAccountMenuTest] : Browser was opened
2023-27-08 20:59:47  INFO [LoginAndHeaderTests.ManageOfAccountMenuTest] : Browser was closed
2023-27-08 21:00:11  INFO [LoginAndHeaderTests.ManageOfAccountMenuTest] : Browser was opened
2023-27-08 21:00:33  INFO [LoginAndHeaderTests.ManageOfAccountMenuTest] : Browser was closed
2023-27-08 21:09:53  INFO [LoginAndHeaderTests.ManageOfAccountMenuTest] : Browser was opened
2023-27-08 21:10:16  INFO [LoginAndHeaderTests.ManageOfAccountMenuTest] : Browser was closed
2023-27-08 21:13:03  INFO [LoginAndHeaderTests.ManageOfAccountMenuTest] : Browser was opened
2023-27-08 21:13:15  INFO [pages.ManageOfAccountMenu] : Nobody was selected in DropDown
2023-27-08 21:13:15  INFO [LoginAndHeaderTests.ManageOfAccountMenuTest] : Browser was closed
2023-27-08 21:25:50  INFO [LoginAndHeaderTests.ManageOfAccountMenuTest] : Browser was opened
2023-27-08 21:26:02  INFO [pages.ManageOfAccountMenu] : Nobody was selected in DropDown
2023-27-08 21:26:08  INFO [LoginAndHeaderTests.ManageOfAccountMenuTest] : Browser was closed
2023-27-08 21:27:09  INFO [LoginAndHeaderTests.ManageOfAccountMenuTest] : Browser was opened
2023-27-08 21:27:18  INFO [pages.ManageOfAccountMenu] : Nobody was selected in DropDown
2023-27-08 21:27:23  INFO [LoginAndHeaderTests.ManageOfAccountMenuTest] : Browser was closed
2023-27-08 21:28:26  INFO [LoginAndHeaderTests.ManageOfAccountMenuTest] : Browser was opened
2023-27-08 21:28:37  INFO [pages.ManageOfAccountMenu] : Nobody was selected in DropDown
2023-27-08 21:28:42  INFO [LoginAndHeaderTests.ManageOfAccountMenuTest] : Browser was closed
2023-27-08 21:30:14  INFO [LoginAndHeaderTests.ManageOfAccountMenuTest] : Browser was opened
2023-27-08 21:30:21  INFO [pages.ManageOfAccountMenu] : Nobody was selected in DropDown
2023-27-08 21:30:21  INFO [pages.ManageOfAccountMenu] : Nobody was selected in DropDown
2023-27-08 21:30:21  INFO [pages.ManageOfAccountMenu] : Nobody was selected in DropDown
2023-27-08 21:30:21  INFO [pages.ManageOfAccountMenu] : Nobody was selected in DropDown
2023-27-08 21:30:21  INFO [pages.ManageOfAccountMenu] : Nobody was selected in DropDown
2023-27-08 21:30:21  INFO [pages.ManageOfAccountMenu] : Nobody was selected in DropDown
2023-27-08 21:30:21  INFO [pages.ManageOfAccountMenu] : Nobody was selected in DropDown
2023-27-08 21:30:21  INFO [pages.ManageOfAccountMenu] : Nobody was selected in DropDown
2023-27-08 21:30:21  INFO [pages.ManageOfAccountMenu] : Nobody was selected in DropDown
2023-27-08 21:30:22  INFO [LoginAndHeaderTests.ManageOfAccountMenuTest] : Browser was closed
2023-27-08 21:34:06  INFO [LoginAndHeaderTests.ManageOfAccountMenuTest] : Browser was opened
2023-27-08 21:34:13  INFO [pages.ManageOfAccountMenu] : Nobody was selected in DropDown
2023-27-08 21:34:13  INFO [pages.ManageOfAccountMenu] : Nobody was selected in DropDown
2023-27-08 21:34:13  INFO [pages.ManageOfAccountMenu] : Nobody was selected in DropDown
2023-27-08 21:34:13  INFO [pages.ManageOfAccountMenu] : Nobody was selected in DropDown
2023-27-08 21:34:13  INFO [pages.ManageOfAccountMenu] : Nobody was selected in DropDown
2023-27-08 21:34:13  INFO [pages.ManageOfAccountMenu] : Nobody was selected in DropDown
2023-27-08 21:34:13  INFO [pages.ManageOfAccountMenu] : Nobody was selected in DropDown
2023-27-08 21:34:13  INFO [pages.ManageOfAccountMenu] : Nobody was selected in DropDown
2023-27-08 21:34:14  INFO [pages.ManageOfAccountMenu] : Nobody was selected in DropDown
2023-27-08 21:34:16  INFO [LoginAndHeaderTests.ManageOfAccountMenuTest] : Browser was closed
2023-27-08 21:36:12  INFO [LoginAndHeaderTests.ManageOfAccountMenuTest] : Browser was opened
2023-27-08 21:36:20  INFO [pages.ManageOfAccountMenu] : Nobody was selected in DropDown
2023-27-08 21:36:20  INFO [pages.ManageOfAccountMenu] : Nobody was selected in DropDown
2023-27-08 21:36:21  INFO [pages.ManageOfAccountMenu] : Nobody was selected in DropDown
2023-27-08 21:36:21  INFO [pages.ManageOfAccountMenu] : Nobody was selected in DropDown
2023-27-08 21:36:21  INFO [pages.ManageOfAccountMenu] : Nobody was selected in DropDown
2023-27-08 21:36:21  INFO [pages.ManageOfAccountMenu] : Nobody was selected in DropDown
2023-27-08 21:36:21  INFO [pages.ManageOfAccountMenu] : Nobody was selected in DropDown
2023-27-08 21:36:21  INFO [pages.ManageOfAccountMenu] : Nobody was selected in DropDown
2023-27-08 21:36:21  INFO [pages.ManageOfAccountMenu] : Nobody was selected in DropDown
2023-27-08 21:36:29  INFO [LoginAndHeaderTests.ManageOfAccountMenuTest] : Browser was closed
2023-27-08 21:37:21  INFO [LoginAndHeaderTests.ManageOfAccountMenuTest] : Browser was opened
2023-27-08 21:37:30  INFO [pages.ManageOfAccountMenu] : Nobody was selected in DropDown
2023-27-08 21:37:30  INFO [pages.ManageOfAccountMenu] : Nobody was selected in DropDown
2023-27-08 21:37:30  INFO [pages.ManageOfAccountMenu] : Nobody was selected in DropDown
2023-27-08 21:37:30  INFO [pages.ManageOfAccountMenu] : Nobody was selected in DropDown
2023-27-08 21:37:30  INFO [pages.ManageOfAccountMenu] : Nobody was selected in DropDown
2023-27-08 21:37:30  INFO [pages.ManageOfAccountMenu] : Nobody was selected in DropDown
2023-27-08 21:37:31  INFO [pages.ManageOfAccountMenu] : Nobody was selected in DropDown
2023-27-08 21:37:31  INFO [pages.ManageOfAccountMenu] : Nobody was selected in DropDown
2023-27-08 21:37:31  INFO [pages.ManageOfAccountMenu] : Nobody was selected in DropDown
2023-27-08 21:37:39  INFO [LoginAndHeaderTests.ManageOfAccountMenuTest] : Browser was closed
2023-27-08 21:38:26  INFO [LoginAndHeaderTests.ManageOfAccountMenuTest] : Browser was opened
2023-27-08 21:38:35  INFO [pages.ManageOfAccountMenu] : Nobody was selected in DropDown
2023-27-08 21:38:35  INFO [pages.ManageOfAccountMenu] : Nobody was selected in DropDown
2023-27-08 21:38:36  INFO [pages.ManageOfAccountMenu] : Nobody was selected in DropDown
2023-27-08 21:38:36  INFO [pages.ManageOfAccountMenu] : Nobody was selected in DropDown
2023-27-08 21:38:36  INFO [pages.ManageOfAccountMenu] : Nobody was selected in DropDown
2023-27-08 21:38:36  INFO [pages.ManageOfAccountMenu] : Nobody was selected in DropDown
2023-27-08 21:38:36  INFO [pages.ManageOfAccountMenu] : Nobody was selected in DropDown
2023-27-08 21:38:36  INFO [pages.ManageOfAccountMenu] : Nobody was selected in DropDown
2023-27-08 21:38:36  INFO [pages.ManageOfAccountMenu] : Nobody was selected in DropDown
2023-27-08 21:38:37  INFO [LoginAndHeaderTests.ManageOfAccountMenuTest] : Browser was closed
2023-27-08 21:45:07  INFO [LoginAndHeaderTests.ManageOfAccountMenuTest] : Browser was opened
2023-27-08 21:45:15  INFO [pages.ManageOfAccountMenu] : Nobody was selected in DropDown
2023-27-08 21:45:15  INFO [pages.ManageOfAccountMenu] : Nobody was selected in DropDown
2023-27-08 21:45:15  INFO [pages.ManageOfAccountMenu] : Nobody was selected in DropDown
2023-27-08 21:45:15  INFO [pages.ManageOfAccountMenu] : Nobody was selected in DropDown
2023-27-08 21:45:15  INFO [pages.ManageOfAccountMenu] : Nobody was selected in DropDown
2023-27-08 21:45:15  INFO [pages.ManageOfAccountMenu] : Nobody was selected in DropDown
2023-27-08 21:45:16  INFO [pages.ManageOfAccountMenu] : Nobody was selected in DropDown
2023-27-08 21:45:16  INFO [pages.ManageOfAccountMenu] : Nobody was selected in DropDown
2023-27-08 21:45:16  INFO [pages.ManageOfAccountMenu] : Nobody was selected in DropDown
2023-27-08 21:45:16  INFO [LoginAndHeaderTests.ManageOfAccountMenuTest] : Browser was closed
2023-27-08 21:48:14  INFO [LoginAndHeaderTests.ManageOfAccountMenuTest] : Browser was opened
2023-27-08 21:48:23  INFO [pages.ManageOfAccountMenu] : Nobody was selected in DropDown
2023-27-08 21:48:23  INFO [pages.ManageOfAccountMenu] : Nobody was selected in DropDown
2023-27-08 21:48:23  INFO [pages.ManageOfAccountMenu] : Nobody was selected in DropDown
2023-27-08 21:48:23  INFO [pages.ManageOfAccountMenu] : Nobody was selected in DropDown
2023-27-08 21:48:23  INFO [pages.ManageOfAccountMenu] : Nobody was selected in DropDown
2023-27-08 21:48:23  INFO [pages.ManageOfAccountMenu] : Nobody was selected in DropDown
2023-27-08 21:48:23  INFO [pages.ManageOfAccountMenu] : Nobody was selected in DropDown
2023-27-08 21:48:23  INFO [pages.ManageOfAccountMenu] : Nobody was selected in DropDown
2023-27-08 21:48:23  INFO [pages.ManageOfAccountMenu] : Nobody was selected in DropDown
2023-27-08 21:48:25  INFO [LoginAndHeaderTests.ManageOfAccountMenuTest] : Browser was closed
2023-27-08 21:50:39  INFO [LoginAndHeaderTests.ManageOfAccountMenuTest] : Browser was opened
2023-27-08 21:50:48  INFO [pages.ManageOfAccountMenu] : Nobody was selected in DropDown
2023-27-08 21:50:48  INFO [pages.ManageOfAccountMenu] : Nobody was selected in DropDown
2023-27-08 21:50:48  INFO [pages.ManageOfAccountMenu] : Nobody was selected in DropDown
2023-27-08 21:50:48  INFO [pages.ManageOfAccountMenu] : Nobody was selected in DropDown
2023-27-08 21:50:48  INFO [pages.ManageOfAccountMenu] : Nobody was selected in DropDown
2023-27-08 21:50:48  INFO [pages.ManageOfAccountMenu] : Nobody was selected in DropDown
2023-27-08 21:50:48  INFO [pages.ManageOfAccountMenu] : Nobody was selected in DropDown
2023-27-08 21:50:48  INFO [pages.ManageOfAccountMenu] : Nobody was selected in DropDown
2023-27-08 21:50:48  INFO [pages.ManageOfAccountMenu] : Nobody was selected in DropDown
2023-27-08 21:50:52  INFO [LoginAndHeaderTests.ManageOfAccountMenuTest] : Browser was closed
2023-27-08 21:51:13  INFO [LoginAndHeaderTests.ManageOfAccountMenuTest] : Browser was opened
2023-27-08 21:51:21  INFO [pages.ManageOfAccountMenu] : Nobody was selected in DropDown
2023-27-08 21:51:21  INFO [pages.ManageOfAccountMenu] : Nobody was selected in DropDown
2023-27-08 21:51:21  INFO [pages.ManageOfAccountMenu] : Nobody was selected in DropDown
2023-27-08 21:51:21  INFO [pages.ManageOfAccountMenu] : Nobody was selected in DropDown
2023-27-08 21:51:21  INFO [pages.ManageOfAccountMenu] : Nobody was selected in DropDown
2023-27-08 21:51:22  INFO [pages.ManageOfAccountMenu] : Nobody was selected in DropDown
2023-27-08 21:51:22  INFO [pages.ManageOfAccountMenu] : Nobody was selected in DropDown
2023-27-08 21:51:22  INFO [pages.ManageOfAccountMenu] : Nobody was selected in DropDown
2023-27-08 21:51:22  INFO [pages.ManageOfAccountMenu] : Nobody was selected in DropDown
2023-27-08 21:51:26  INFO [LoginAndHeaderTests.ManageOfAccountMenuTest] : Browser was closed
2023-27-08 21:51:55  INFO [LoginAndHeaderTests.ManageOfAccountMenuTest] : Browser was opened
2023-27-08 21:52:05  INFO [pages.ManageOfAccountMenu] : Nobody was selected in DropDown
2023-27-08 21:52:05  INFO [pages.ManageOfAccountMenu] : Nobody was selected in DropDown
2023-27-08 21:52:05  INFO [pages.ManageOfAccountMenu] : Nobody was selected in DropDown
2023-27-08 21:52:05  INFO [pages.ManageOfAccountMenu] : Nobody was selected in DropDown
2023-27-08 21:52:05  INFO [pages.ManageOfAccountMenu] : Nobody was selected in DropDown
2023-27-08 21:52:06  INFO [pages.ManageOfAccountMenu] : Nobody was selected in DropDown
2023-27-08 21:52:06  INFO [pages.ManageOfAccountMenu] : Nobody was selected in DropDown
2023-27-08 21:52:06  INFO [pages.ManageOfAccountMenu] : Nobody was selected in DropDown
2023-27-08 21:52:06  INFO [pages.ManageOfAccountMenu] : Nobody was selected in DropDown
2023-27-08 21:52:09  INFO [LoginAndHeaderTests.ManageOfAccountMenuTest] : Browser was closed
2023-27-08 21:53:30  INFO [LoginAndHeaderTests.ManageOfAccountMenuTest] : Browser was opened
2023-27-08 21:53:31  INFO [pages.LoginPage] : Button 'AGREE Cookies' is not present, proceeding further.
2023-27-08 21:54:05  INFO [LoginAndHeaderTests.ManageOfAccountMenuTest] : Browser was opened
2023-27-08 21:54:13  INFO [pages.ManageOfAccountMenu] : Nobody was selected in DropDown
2023-27-08 21:54:13  INFO [pages.ManageOfAccountMenu] : Nobody was selected in DropDown
2023-27-08 21:54:13  INFO [pages.ManageOfAccountMenu] : Nobody was selected in DropDown
2023-27-08 21:54:13  INFO [pages.ManageOfAccountMenu] : Nobody was selected in DropDown
2023-27-08 21:54:13  INFO [pages.ManageOfAccountMenu] : Nobody was selected in DropDown
2023-27-08 21:54:13  INFO [pages.ManageOfAccountMenu] : Nobody was selected in DropDown
2023-27-08 21:54:13  INFO [pages.ManageOfAccountMenu] : Nobody was selected in DropDown
2023-27-08 21:54:13  INFO [pages.ManageOfAccountMenu] : Nobody was selected in DropDown
2023-27-08 21:54:13  INFO [pages.ManageOfAccountMenu] : Nobody was selected in DropDown
2023-27-08 21:54:17  INFO [pages.ManageOfAccountMenu] : Members only was selected in DropDown
2023-27-08 21:54:17  INFO [pages.ManageOfAccountMenu] : Members only was selected in DropDown
2023-27-08 21:54:17  INFO [pages.ManageOfAccountMenu] : Members only was selected in DropDown
2023-27-08 21:54:17  INFO [pages.ManageOfAccountMenu] : Members only was selected in DropDown
2023-27-08 21:54:17  INFO [pages.ManageOfAccountMenu] : Members only was selected in DropDown
2023-27-08 21:54:17  INFO [pages.ManageOfAccountMenu] : Members only was selected in DropDown
2023-27-08 21:54:17  INFO [pages.ManageOfAccountMenu] : Members only was selected in DropDown
2023-27-08 21:54:17  INFO [pages.ManageOfAccountMenu] : Members only was selected in DropDown
2023-27-08 21:54:17  INFO [pages.ManageOfAccountMenu] : Members only was selected in DropDown
2023-27-08 21:54:19  INFO [LoginAndHeaderTests.ManageOfAccountMenuTest] : Browser was closed
2023-27-08 21:55:28  INFO [LoginAndHeaderTests.ManageOfAccountMenuTest] : Browser was opened
2023-27-08 21:55:37  INFO [pages.ManageOfAccountMenu] : Nobody was selected in DropDown
2023-27-08 21:55:37  INFO [pages.ManageOfAccountMenu] : Nobody was selected in DropDown
2023-27-08 21:55:37  INFO [pages.ManageOfAccountMenu] : Nobody was selected in DropDown
2023-27-08 21:55:37  INFO [pages.ManageOfAccountMenu] : Nobody was selected in DropDown
2023-27-08 21:55:37  INFO [pages.ManageOfAccountMenu] : Nobody was selected in DropDown
2023-27-08 21:55:37  INFO [pages.ManageOfAccountMenu] : Nobody was selected in DropDown
2023-27-08 21:55:37  INFO [pages.ManageOfAccountMenu] : Nobody was selected in DropDown
2023-27-08 21:55:37  INFO [pages.ManageOfAccountMenu] : Nobody was selected in DropDown
2023-27-08 21:55:37  INFO [pages.ManageOfAccountMenu] : Nobody was selected in DropDown
2023-27-08 21:55:41  INFO [pages.ManageOfAccountMenu] : Members only was selected in DropDown
2023-27-08 21:55:41  INFO [pages.ManageOfAccountMenu] : Members only was selected in DropDown
2023-27-08 21:55:41  INFO [pages.ManageOfAccountMenu] : Members only was selected in DropDown
2023-27-08 21:55:41  INFO [pages.ManageOfAccountMenu] : Members only was selected in DropDown
2023-27-08 21:55:41  INFO [pages.ManageOfAccountMenu] : Members only was selected in DropDown
2023-27-08 21:55:41  INFO [pages.ManageOfAccountMenu] : Members only was selected in DropDown
2023-27-08 21:55:41  INFO [pages.ManageOfAccountMenu] : Members only was selected in DropDown
2023-27-08 21:55:41  INFO [pages.ManageOfAccountMenu] : Members only was selected in DropDown
2023-27-08 21:55:41  INFO [pages.ManageOfAccountMenu] : Members only was selected in DropDown
2023-27-08 21:55:45  INFO [LoginAndHeaderTests.ManageOfAccountMenuTest] : Browser was closed
2023-27-08 21:57:37  INFO [LoginAndHeaderTests.ActionMenuTest] : Browser was opened
2023-27-08 21:57:58  INFO [LoginAndHeaderTests.ActionMenuTest] : Browser was closed
2023-27-08 21:58:04  INFO [LoginAndHeaderTests.ActionMenuTest] : Browser was opened
2023-27-08 21:58:37  INFO [LoginAndHeaderTests.ActionMenuTest] : Browser was closed
2023-27-08 21:58:48  INFO [LoginAndHeaderTests.LoginTest] : Browser was opened
2023-27-08 21:58:58  INFO [LoginAndHeaderTests.LoginTest] : Browser was closed
2023-27-08 21:59:31  INFO [LoginAndHeaderTests.LoginTest] : Browser was opened
2023-27-08 21:59:43  INFO [LoginAndHeaderTests.LoginTest] : Browser was closed
2023-27-08 21:59:49  INFO [LoginAndHeaderTests.LoginTest] : Browser was opened
2023-27-08 22:00:00  INFO [LoginAndHeaderTests.LoginTest] : Browser was closed
2023-27-08 22:19:57  INFO [SearchTest.SearchTest] : Browser was opened
2023-27-08 22:20:02  INFO [SearchTest.SearchTest] : Browser was closed
2023-27-08 22:21:33  INFO [SearchTest.SearchTest] : Browser was opened
2023-27-08 22:21:39  INFO [SearchTest.SearchTest] : Browser was closed
2023-27-08 22:22:31  INFO [SearchTest.SearchTest] : Browser was opened
2023-27-08 22:22:38  INFO [SearchTest.SearchTest] : Browser was closed
2023-27-08 22:24:44  INFO [SearchTest.SearchTest] : Browser was opened
2023-27-08 22:24:47  INFO [SearchTest.SearchTest] : Browser was closed
2023-27-08 22:25:33  INFO [SearchTest.SearchTest] : Browser was opened
2023-27-08 22:25:36  INFO [SearchTest.SearchTest] : Browser was closed
2023-27-08 22:27:24  INFO [SearchTest.SearchTest] : Browser was opened
2023-27-08 22:27:28  INFO [SearchTest.SearchTest] : Browser was closed
2023-27-08 22:32:19  INFO [SearchTest.SearchTest] : Browser was opened
2023-27-08 22:32:27  INFO [SearchTest.SearchTest] : Browser was closed
2023-27-08 22:35:02  INFO [SearchTest.SearchTest] : Browser was opened
2023-27-08 22:35:10  INFO [SearchTest.SearchTest] : Browser was closed
2023-27-08 22:35:39  INFO [SearchTest.SearchTest] : Browser was opened
2023-27-08 22:35:48  INFO [SearchTest.SearchTest] : Browser was closed
2023-27-08 22:39:02  INFO [SearchTest.SearchTest] : Browser was opened
2023-27-08 22:39:03  INFO [SearchTest.SearchTest] : Browser was closed
2023-27-08 22:41:12  INFO [SearchTest.SearchTest] : Browser was opened
2023-27-08 22:41:21  INFO [SearchTest.SearchTest] : Browser was closed
2023-27-08 22:41:49  INFO [SearchTest.SearchTest] : Browser was opened
2023-27-08 22:41:51  INFO [pages.LoginPage] : Button 'AGREE Cookies' is not present, proceeding further.
2023-27-08 22:41:53  INFO [SearchTest.SearchTest] : Browser was closed
2023-27-08 22:42:01  INFO [SearchTest.SearchTest] : Browser was opened
2023-27-08 22:42:09  INFO [SearchTest.SearchTest] : Browser was closed
2023-27-08 22:44:47  INFO [SearchTest.SearchTest] : Browser was opened
2023-27-08 22:45:03  INFO [SearchTest.SearchTest] : Browser was closed
2023-27-08 22:45:19  INFO [SearchTest.SearchTest] : Browser was opened
2023-27-08 22:45:29  INFO [SearchTest.SearchTest] : Browser was closed
2023-27-08 22:47:11  INFO [SearchTest.SearchTest] : Browser was opened
2023-27-08 22:47:22  INFO [SearchTest.SearchTest] : Browser was closed
2023-27-08 22:48:28  INFO [RegisterTests.RegisterTest] : Browser was opened
2023-27-08 22:48:34  INFO [pages.RegisterPage] : Checkbox is checked.
2023-27-08 22:48:48  INFO [RegisterTests.RegisterTest] : Browser was closed
2023-27-08 22:50:50  INFO [SearchTest.SearchTest] : Browser was opened
2023-27-08 22:51:02  INFO [SearchTest.SearchTest] : Browser was closed
2023-27-08 23:22:58  INFO [SearchTest.SearchTest] : Browser was opened
2023-27-08 23:23:11  INFO [SearchTest.SearchTest] : Browser was closed
2023-27-08 23:38:46  INFO [HeaderTests.ActionMenuTest] : Browser was opened
2023-27-08 23:39:03  INFO [pages.LoginPage] : Button 'AGREE Cookies' is not present, proceeding further.
2023-27-08 23:39:23  INFO [HeaderTests.ActionMenuTest] : Browser was closed
2023-27-08 23:39:29  INFO [HeaderTests.ActionMenuTest] : Browser was opened
2023-27-08 23:39:42  INFO [pages.LoginPage] : Button 'AGREE Cookies' is not present, proceeding further.
2023-27-08 23:39:49  INFO [HeaderTests.ActionMenuTest] : Browser was closed
2023-27-08 23:44:58  INFO [HeaderTests.ActionMenuTest] : Browser was opened
2023-27-08 23:45:05  INFO [pages.LoginPage] : Page was opened https://www.bimmerfest.com
2023-27-08 23:45:10  INFO [pages.LoginPage] : Button 'AGREE Cookies' is not present, proceeding further.
2023-27-08 23:45:10  INFO [pages.LoginPage] : Element was clicked
2023-27-08 23:45:11  INFO [pages.LoginPage] : bmwusertest was inputted into input
2023-27-08 23:45:11  INFO [pages.LoginPage] : Bmwusertest123456 was inputted into input
2023-27-08 23:45:12  INFO [pages.LoginPage] : Element was clicked
2023-27-08 23:45:12  INFO [pages.ActionMenu] : Element was clicked
2023-27-08 23:45:14  INFO [pages.ActionMenu] : Element was clicked
2023-27-08 23:45:14  INFO [pages.ActionMenu] : Element was clicked
2023-27-08 23:45:48  INFO [HeaderTests.ActionMenuTest] : Browser was closed
2023-27-08 23:45:53  INFO [HeaderTests.ActionMenuTest] : Browser was opened
2023-27-08 23:45:55  INFO [pages.LoginPage] : Page was opened https://www.bimmerfest.com
2023-27-08 23:46:00  INFO [pages.LoginPage] : Button 'AGREE Cookies' is not present, proceeding further.
2023-27-08 23:46:00  INFO [pages.LoginPage] : Element was clicked
2023-27-08 23:46:01  INFO [pages.LoginPage] : bmwusertest was inputted into input
2023-27-08 23:46:01  INFO [pages.LoginPage] : Bmwusertest123456 was inputted into input
2023-27-08 23:46:02  INFO [pages.LoginPage] : Element was clicked
2023-27-08 23:46:02  INFO [pages.ActionMenu] : Element was clicked
2023-27-08 23:46:04  INFO [pages.ActionMenu] : Element was clicked
2023-27-08 23:46:05  INFO [pages.ActionMenu] : Element was clicked
2023-27-08 23:46:06  INFO [pages.ActionMenu] : Element was clicked
2023-27-08 23:46:06  INFO [pages.ActionMenu] : Element was clicked
2023-27-08 23:46:09  INFO [pages.ActionMenu] : Element was clicked
2023-27-08 23:46:09  INFO [pages.ActionMenu] : Element was clicked
2023-27-08 23:46:10  INFO [pages.ActionMenu] : Element was clicked
2023-27-08 23:46:10  INFO [pages.ActionMenu] : Element was clicked
2023-27-08 23:46:12  INFO [pages.ActionMenu] : Element was clicked
2023-27-08 23:46:12  INFO [pages.ActionMenu] : Element was clicked
2023-27-08 23:46:13  INFO [pages.ActionMenu] : Element was clicked
2023-27-08 23:46:13  INFO [pages.ActionMenu] : Element was clicked
2023-27-08 23:46:14  INFO [pages.ActionMenu] : Element was clicked
2023-27-08 23:46:14  INFO [pages.ActionMenu] : Element was clicked
2023-27-08 23:46:16  INFO [pages.ActionMenu] : Element was clicked
2023-27-08 23:46:17  INFO [HeaderTests.ActionMenuTest] : Browser was closed
2023-27-08 23:46:28  INFO [LoginAndHeaderTests.LoginTest] : Browser was opened
2023-27-08 23:46:33  INFO [pages.LoginPage] : Page was opened https://www.bimmerfest.com
2023-27-08 23:46:38  INFO [pages.LoginPage] : Button 'AGREE Cookies' is not present, proceeding further.
2023-27-08 23:46:38  INFO [pages.LoginPage] : Element was clicked
2023-27-08 23:46:39  INFO [pages.LoginPage] : bmwusertest was inputted into input
2023-27-08 23:46:39  INFO [pages.LoginPage] : Bmwusertest123456 was inputted into input
2023-27-08 23:46:40  INFO [pages.LoginPage] : Element was clicked
2023-27-08 23:46:41  INFO [pages.LoginPage] : Element was clicked
2023-27-08 23:46:42  INFO [pages.LoginPage] : Element was clicked
2023-27-08 23:46:48  INFO [LoginAndHeaderTests.LoginTest] : Browser was closed
2023-27-08 23:46:55  INFO [LoginAndHeaderTests.LoginTest] : Browser was opened
2023-27-08 23:46:56  INFO [pages.LoginPage] : Page was opened https://www.bimmerfest.com
2023-27-08 23:47:01  INFO [pages.LoginPage] : Button 'AGREE Cookies' is not present, proceeding further.
2023-27-08 23:47:01  INFO [pages.LoginPage] : Element was clicked
2023-27-08 23:47:02  INFO [pages.LoginPage] : LOGININVALID was inputted into input
2023-27-08 23:47:02  INFO [pages.LoginPage] : PASSWORDINVALID was inputted into input
2023-27-08 23:47:03  INFO [pages.LoginPage] : Element was clicked
2023-27-08 23:47:09  INFO [LoginAndHeaderTests.LoginTest] : Browser was closed
2023-27-08 23:47:19  INFO [LoginAndHeaderTests.ManageOfAccountMenuTest] : Browser was opened
2023-27-08 23:47:27  INFO [pages.LoginPage] : Page was opened https://www.bimmerfest.com
2023-27-08 23:47:32  INFO [pages.LoginPage] : Button 'AGREE Cookies' is not present, proceeding further.
2023-27-08 23:47:32  INFO [pages.LoginPage] : Element was clicked
2023-27-08 23:47:32  INFO [pages.LoginPage] : bmwusertest was inputted into input
2023-27-08 23:47:33  INFO [pages.LoginPage] : Bmwusertest123456 was inputted into input
2023-27-08 23:47:34  INFO [pages.LoginPage] : Element was clicked
2023-27-08 23:47:34  INFO [pages.ManageOfAccountMenu] : Element was clicked
2023-27-08 23:47:36  INFO [pages.ManageOfAccountMenu] : Element was clicked
2023-27-08 23:47:37  INFO [pages.ManageOfAccountMenu] : Element was clicked
2023-27-08 23:47:37  INFO [pages.ManageOfAccountMenu] : Nobody was selected in DropDown
2023-27-08 23:47:37  INFO [pages.ManageOfAccountMenu] : Nobody was selected in DropDown
2023-27-08 23:47:37  INFO [pages.ManageOfAccountMenu] : Nobody was selected in DropDown
2023-27-08 23:47:37  INFO [pages.ManageOfAccountMenu] : Nobody was selected in DropDown
2023-27-08 23:47:37  INFO [pages.ManageOfAccountMenu] : Nobody was selected in DropDown
2023-27-08 23:47:37  INFO [pages.ManageOfAccountMenu] : Nobody was selected in DropDown
2023-27-08 23:47:37  INFO [pages.ManageOfAccountMenu] : Nobody was selected in DropDown
2023-27-08 23:47:37  INFO [pages.ManageOfAccountMenu] : Nobody was selected in DropDown
2023-27-08 23:47:37  INFO [pages.ManageOfAccountMenu] : Nobody was selected in DropDown
2023-27-08 23:47:37  INFO [pages.ManageOfAccountMenu] : Element was clicked
2023-27-08 23:47:37  INFO [pages.ManageOfAccountMenu] : Element was clicked
2023-27-08 23:47:39  INFO [pages.ManageOfAccountMenu] : Element was clicked
2023-27-08 23:47:39  INFO [pages.ManageOfAccountMenu] : Element was clicked
2023-27-08 23:47:40  INFO [pages.ManageOfAccountMenu] : Element was clicked
2023-27-08 23:47:40  INFO [pages.ManageOfAccountMenu] : Members only was selected in DropDown
2023-27-08 23:47:40  INFO [pages.ManageOfAccountMenu] : Members only was selected in DropDown
2023-27-08 23:47:40  INFO [pages.ManageOfAccountMenu] : Members only was selected in DropDown
2023-27-08 23:47:40  INFO [pages.ManageOfAccountMenu] : Members only was selected in DropDown
2023-27-08 23:47:40  INFO [pages.ManageOfAccountMenu] : Members only was selected in DropDown
2023-27-08 23:47:40  INFO [pages.ManageOfAccountMenu] : Members only was selected in DropDown
2023-27-08 23:47:41  INFO [pages.ManageOfAccountMenu] : Members only was selected in DropDown
2023-27-08 23:47:41  INFO [pages.ManageOfAccountMenu] : Members only was selected in DropDown
2023-27-08 23:47:41  INFO [pages.ManageOfAccountMenu] : Members only was selected in DropDown
2023-27-08 23:47:41  INFO [pages.ManageOfAccountMenu] : Element was clicked
2023-27-08 23:47:41  INFO [pages.ManageOfAccountMenu] : Element was clicked
2023-27-08 23:47:42  INFO [pages.ManageOfAccountMenu] : Element was clicked
2023-27-08 23:47:42  INFO [pages.ManageOfAccountMenu] : Element was clicked
2023-27-08 23:47:43  INFO [LoginAndHeaderTests.ManageOfAccountMenuTest] : Browser was closed
2023-27-08 23:48:00  INFO [RegisterTests.RegisterTest] : Browser was opened
2023-27-08 23:48:03  INFO [pages.LoginPage] : Page was opened https://www.bimmerfest.com
2023-27-08 23:48:03  INFO [pages.LoginPage] : Element was clicked
2023-27-08 23:48:03  INFO [pages.LoginPage] : Element was clicked
2023-27-08 23:48:04  INFO [pages.LoginPage] : Element was clicked
2023-27-08 23:48:07  INFO [pages.RegisterPage] : Element was clicked
2023-27-08 23:48:07  INFO [pages.RegisterPage] : Rk9EPkb3u0ABCZ was inputted into input
2023-27-08 23:48:07  INFO [pages.RegisterPage] : XmpBQJnG1HABCZ@gmail.com was inputted into input
2023-27-08 23:48:07  INFO [pages.RegisterPage] : pDJPbdHWwQi6ABCZ was inputted into input
2023-27-08 23:48:07  INFO [pages.RegisterPage] : Element was clicked
2023-27-08 23:48:07  INFO [pages.RegisterPage] : Checkbox is checked.
2023-27-08 23:48:15  INFO [pages.RegisterPage] : Element was clicked
2023-27-08 23:48:19  INFO [RegisterTests.RegisterTest] : Browser was closed
2023-27-08 23:48:28  INFO [RegisterTests.RegisterTest] : Browser was opened
2023-27-08 23:48:31  INFO [pages.LoginPage] : Page was opened https://www.bimmerfest.com
2023-27-08 23:48:31  INFO [pages.LoginPage] : Element was clicked
2023-27-08 23:48:31  INFO [pages.LoginPage] : Element was clicked
2023-27-08 23:48:32  INFO [pages.LoginPage] : Element was clicked
2023-27-08 23:48:34  INFO [pages.RegisterPage] : Element was clicked
2023-27-08 23:48:35  INFO [pages.RegisterPage] : bmwusertest was inputted into input
2023-27-08 23:48:35  INFO [pages.RegisterPage] : hirgoff@gmail.com was inputted into input
2023-27-08 23:48:35  INFO [pages.RegisterPage] : Bmwusertest123456 was inputted into input
2023-27-08 23:48:35  INFO [pages.RegisterPage] : Element was clicked
2023-27-08 23:48:35  INFO [pages.RegisterPage] : Checkbox is checked.
2023-27-08 23:48:43  INFO [pages.RegisterPage] : Element was clicked
2023-27-08 23:48:50  INFO [RegisterTests.RegisterTest] : Browser was closed
2023-27-08 23:48:56  INFO [RegisterTests.RegisterTest] : Browser was opened
2023-27-08 23:48:59  INFO [pages.LoginPage] : Page was opened https://www.bimmerfest.com
2023-27-08 23:48:59  INFO [pages.LoginPage] : Element was clicked
2023-27-08 23:48:59  INFO [pages.LoginPage] : Element was clicked
2023-27-08 23:49:00  INFO [pages.LoginPage] : Element was clicked
2023-27-08 23:49:03  INFO [pages.RegisterPage] : Element was clicked
2023-27-08 23:49:03  INFO [pages.RegisterPage] :  was inputted into input
2023-27-08 23:49:03  INFO [pages.RegisterPage] :  was inputted into input
2023-27-08 23:49:03  INFO [pages.RegisterPage] :  was inputted into input
2023-27-08 23:49:03  INFO [pages.RegisterPage] : Element was clicked
2023-27-08 23:49:03  INFO [pages.RegisterPage] : Checkbox is checked.
2023-27-08 23:49:11  INFO [pages.RegisterPage] : Element was clicked
2023-27-08 23:49:17  INFO [RegisterTests.RegisterTest] : Browser was closed
2023-27-08 23:50:18  INFO [RegisterTests.RegisterTest] : Browser was opened
2023-27-08 23:50:21  INFO [pages.LoginPage] : Page was opened https://www.bimmerfest.com
2023-27-08 23:50:21  INFO [pages.LoginPage] : Element was clicked
2023-27-08 23:50:21  INFO [pages.LoginPage] : Element was clicked
2023-27-08 23:50:22  INFO [pages.LoginPage] : Element was clicked
2023-27-08 23:50:26  INFO [pages.RegisterPage] : Element was clicked
2023-27-08 23:50:26  INFO [pages.RegisterPage] : 11 was inputted into input
2023-27-08 23:50:26  INFO [pages.RegisterPage] : 11 was inputted into input
2023-27-08 23:50:26  INFO [pages.RegisterPage] : 11 was inputted into input
2023-27-08 23:50:26  INFO [pages.RegisterPage] : Element was clicked
2023-27-08 23:50:26  INFO [pages.RegisterPage] : Checkbox is checked.
2023-27-08 23:50:33  INFO [pages.RegisterPage] : Element was clicked
2023-27-08 23:50:38  INFO [RegisterTests.RegisterTest] : Browser was closed
2023-27-08 23:50:44  INFO [RegisterTests.RegisterTest] : Browser was opened
2023-27-08 23:50:46  INFO [pages.LoginPage] : Page was opened https://www.bimmerfest.com
2023-27-08 23:50:46  INFO [pages.LoginPage] : Element was clicked
2023-27-08 23:50:47  INFO [pages.LoginPage] : Element was clicked
2023-27-08 23:50:47  INFO [pages.LoginPage] : Element was clicked
2023-27-08 23:50:50  INFO [pages.RegisterPage] : Element was clicked
2023-27-08 23:50:50  INFO [pages.RegisterPage] : 11 was inputted into input
2023-27-08 23:50:50  INFO [pages.RegisterPage] : 11 was inputted into input
2023-27-08 23:50:50  INFO [pages.RegisterPage] : 11@ was inputted into input
2023-27-08 23:50:50  INFO [pages.RegisterPage] : Element was clicked
2023-27-08 23:50:50  INFO [pages.RegisterPage] : Checkbox is checked.
2023-27-08 23:51:01  INFO [RegisterTests.RegisterTest] : Browser was closed
2023-27-08 23:51:06  INFO [RegisterTests.RegisterTest] : Browser was opened
2023-27-08 23:51:08  INFO [pages.LoginPage] : Page was opened https://www.bimmerfest.com
2023-27-08 23:51:08  INFO [pages.LoginPage] : Element was clicked
2023-27-08 23:51:08  INFO [pages.LoginPage] : Element was clicked
2023-27-08 23:51:09  INFO [pages.LoginPage] : Element was clicked
2023-27-08 23:51:11  INFO [pages.RegisterPage] : Element was clicked
2023-27-08 23:51:11  INFO [pages.RegisterPage] : 11 was inputted into input
2023-27-08 23:51:12  INFO [pages.RegisterPage] : 1@ was inputted into input
2023-27-08 23:51:12  INFO [pages.RegisterPage] : 11 was inputted into input
2023-27-08 23:51:12  INFO [pages.RegisterPage] : Element was clicked
2023-27-08 23:51:12  INFO [pages.RegisterPage] : Checkbox is checked.
2023-27-08 23:51:20  INFO [pages.RegisterPage] : Element was clicked
2023-27-08 23:51:26  INFO [RegisterTests.RegisterTest] : Browser was closed
2023-27-08 23:52:19  INFO [RegisterTests.RegisterTest] : Browser was opened
2023-27-08 23:52:21  INFO [pages.LoginPage] : Page was opened https://www.bimmerfest.com
2023-27-08 23:52:21  INFO [pages.LoginPage] : Element was clicked
2023-27-08 23:52:21  INFO [pages.LoginPage] : Element was clicked
2023-27-08 23:52:22  INFO [pages.LoginPage] : Element was clicked
2023-27-08 23:52:24  INFO [pages.RegisterPage] : Element was clicked
2023-27-08 23:52:24  INFO [pages.RegisterPage] : 11 was inputted into input
2023-27-08 23:52:24  INFO [pages.RegisterPage] : 11@gmail.com was inputted into input
2023-27-08 23:52:24  INFO [pages.RegisterPage] : 11 was inputted into input
2023-27-08 23:52:24  INFO [pages.RegisterPage] : Element was clicked
2023-27-08 23:52:24  INFO [pages.RegisterPage] : Checkbox is checked.
2023-27-08 23:52:33  INFO [pages.RegisterPage] : Element was clicked
2023-27-08 23:52:39  INFO [RegisterTests.RegisterTest] : Browser was closed
2023-27-08 23:52:53  INFO [RegisterTests.RegisterTest] : Browser was opened
2023-27-08 23:52:59  INFO [pages.LoginPage] : Page was opened https://www.bimmerfest.com
2023-27-08 23:53:04  INFO [pages.LoginPage] : Button 'AGREE Cookies' is not present, proceeding further.
2023-27-08 23:53:04  INFO [pages.LoginPage] : Element was clicked
2023-27-08 23:53:05  INFO [pages.LoginPage] : Element was clicked
2023-27-08 23:53:06  INFO [pages.RegisterPage] : Element was clicked
2023-27-08 23:53:06  INFO [pages.RegisterPage] : 11 was inputted into input
2023-27-08 23:53:07  INFO [pages.RegisterPage] : 11@gmail.com was inputted into input
2023-27-08 23:53:07  INFO [pages.RegisterPage] : 11 was inputted into input
2023-27-08 23:53:07  INFO [pages.RegisterPage] : Element was clicked
2023-27-08 23:53:07  INFO [pages.RegisterPage] : Checkbox is checked.
2023-27-08 23:53:16  INFO [pages.RegisterPage] : Element was clicked
2023-27-08 23:53:23  INFO [RegisterTests.RegisterTest] : Browser was closed
2023-27-08 23:53:43  INFO [RegisterTests.RegisterTest] : Browser was opened
2023-27-08 23:53:45  INFO [pages.LoginPage] : Page was opened https://www.bimmerfest.com
2023-27-08 23:53:50  INFO [pages.LoginPage] : Button 'AGREE Cookies' is not present, proceeding further.
2023-27-08 23:53:50  INFO [pages.LoginPage] : Element was clicked
2023-27-08 23:53:51  INFO [pages.LoginPage] : Element was clicked
2023-27-08 23:53:52  INFO [pages.RegisterPage] : Element was clicked
2023-27-08 23:53:52  INFO [pages.RegisterPage] : 11 was inputted into input
2023-27-08 23:53:52  INFO [pages.RegisterPage] : 11@gmail.com was inputted into input
2023-27-08 23:53:53  INFO [pages.RegisterPage] : 11 was inputted into input
2023-27-08 23:53:53  INFO [pages.RegisterPage] : Element was clicked
2023-27-08 23:53:53  INFO [pages.RegisterPage] : Checkbox is checked.
2023-27-08 23:54:02  INFO [pages.RegisterPage] : Element was clicked
2023-27-08 23:54:08  INFO [RegisterTests.RegisterTest] : Browser was closed
2023-27-08 23:54:28  INFO [SearchTest.SearchTest] : Browser was opened
2023-27-08 23:54:44  INFO [pages.LoginPage] : Page was opened https://www.bimmerfest.com
2023-27-08 23:54:49  INFO [pages.LoginPage] : Button 'AGREE Cookies' is not present, proceeding further.
2023-27-08 23:54:49  INFO [pages.SearchMenu] : Element was clicked
2023-27-08 23:54:50  INFO [pages.SearchMenu] : bmw 5 series e34 was inputted into input
2023-27-08 23:54:52  INFO [pages.SearchMenu] : Element was clicked
2023-27-08 23:54:57  INFO [SearchTest.SearchTest] : Browser was closed
